C:\USERS\OSCAR\DESKTOP\02ROLLERCOASTER_WATER\ROLLER COASTER\GENERATEDFILES\QRC_APPMAIN.CPP
C:\USERS\OSCAR\DESKTOP\02ROLLERCOASTER_WATER\ROLLER COASTER\GENERATEDFILES\RELEASE\MOC_APPMAIN.CPP
C:\USERS\OSCAR\DESKTOP\02ROLLERCOASTER_WATER\ROLLER COASTER\GENERATEDFILES\UI_APPMAIN.H
C:\USERS\OSCAR\DESKTOP\02ROLLERCOASTER_WATER\ROLLER COASTER\OBJ\RELEASE\APPMAIN.OBJ
C:\USERS\OSCAR\DESKTOP\02ROLLERCOASTER_WATER\ROLLER COASTER\OBJ\RELEASE\MAIN.OBJ
C:\USERS\OSCAR\DESKTOP\02ROLLERCOASTER_WATER\ROLLER COASTER\OBJ\RELEASE\MOC_APPMAIN.OBJ
C:\USERS\OSCAR\DESKTOP\02ROLLERCOASTER_WATER\ROLLER COASTER\OBJ\RELEASE\QRC_APPMAIN.OBJ
C:\USERS\OSCAR\DESKTOP\02ROLLERCOASTER_WATER\ROLLER COASTER\OBJ\RELEASE\ROLLER COASTER.EXE.INTERMEDIATE.MANIFEST
C:\USERS\OSCAR\DESKTOP\02ROLLERCOASTER_WATER\WIN32\RELEASE\ROLLER COASTER.EXE
C:\USERS\OSCAR\DESKTOP\P3\02ROLLERCOASTER_WATER\ROLLER COASTER\GENERATEDFILES\QRC_APPMAIN.CPP
C:\USERS\OSCAR\DESKTOP\P3\02ROLLERCOASTER_WATER\ROLLER COASTER\GENERATEDFILES\RELEASE\MOC_APPMAIN.CPP
C:\USERS\OSCAR\DESKTOP\P3\02ROLLERCOASTER_WATER\ROLLER COASTER\GENERATEDFILES\UI_APPMAIN.H
C:\USERS\OSCAR\DESKTOP\P3\02ROLLERCOASTER_WATER\ROLLER COASTER\OBJ\RELEASE\APPMAIN.OBJ
C:\Users\Oscar\Desktop\P3\02RollerCoaster_Water\Roller Coaster\Obj\Release\cl.command.1.tlog
C:\Users\Oscar\Desktop\P3\02RollerCoaster_Water\Roller Coaster\Obj\Release\CL.read.1.tlog
C:\Users\Oscar\Desktop\P3\02RollerCoaster_Water\Roller Coaster\Obj\Release\CL.write.1.tlog
C:\Users\Oscar\Desktop\P3\02RollerCoaster_Water\Roller Coaster\Obj\Release\ControlPoint.obj
C:\Users\Oscar\Desktop\P3\02RollerCoaster_Water\Roller Coaster\Obj\Release\custombuild.command.1.tlog
C:\Users\Oscar\Desktop\P3\02RollerCoaster_Water\Roller Coaster\Obj\Release\custombuild.read.1.tlog
C:\Users\Oscar\Desktop\P3\02RollerCoaster_Water\Roller Coaster\Obj\Release\custombuild.write.1.tlog
C:\Users\Oscar\Desktop\P3\02RollerCoaster_Water\Roller Coaster\Obj\Release\link.command.1.tlog
C:\Users\Oscar\Desktop\P3\02RollerCoaster_Water\Roller Coaster\Obj\Release\link.read.1.tlog
C:\Users\Oscar\Desktop\P3\02RollerCoaster_Water\Roller Coaster\Obj\Release\link.write.1.tlog
C:\Users\Oscar\Desktop\P3\02RollerCoaster_Water\Roller Coaster\Obj\Release\main.obj
C:\USERS\OSCAR\DESKTOP\P3\02ROLLERCOASTER_WATER\ROLLER COASTER\OBJ\RELEASE\MOC_APPMAIN.OBJ
C:\Users\Oscar\Desktop\P3\02RollerCoaster_Water\Roller Coaster\Obj\Release\moc_OgreRenderThread.obj
C:\Users\Oscar\Desktop\P3\02RollerCoaster_Water\Roller Coaster\Obj\Release\moc_OgreWidget.obj
C:\Users\Oscar\Desktop\P3\02RollerCoaster_Water\Roller Coaster\Obj\Release\mt.command.1.tlog
C:\Users\Oscar\Desktop\P3\02RollerCoaster_Water\Roller Coaster\Obj\Release\mt.read.1.tlog
C:\Users\Oscar\Desktop\P3\02RollerCoaster_Water\Roller Coaster\Obj\Release\mt.write.1.tlog
C:\Users\Oscar\Desktop\P3\02RollerCoaster_Water\Roller Coaster\Obj\Release\ObjectControl.obj
C:\Users\Oscar\Desktop\P3\02RollerCoaster_Water\Roller Coaster\Obj\Release\OgreRenderThread.obj
C:\Users\Oscar\Desktop\P3\02RollerCoaster_Water\Roller Coaster\Obj\Release\OgreWidget.obj
C:\USERS\OSCAR\DESKTOP\P3\02ROLLERCOASTER_WATER\ROLLER COASTER\OBJ\RELEASE\PNT3F.OBJ
C:\USERS\OSCAR\DESKTOP\P3\02ROLLERCOASTER_WATER\ROLLER COASTER\OBJ\RELEASE\QRC_APPMAIN.OBJ
C:\Users\Oscar\Desktop\P3\02RollerCoaster_Water\Roller Coaster\Obj\Release\Roller Coaster.exe.intermediate.manifest
C:\Users\Oscar\Desktop\P3\02RollerCoaster_Water\Roller Coaster\Obj\Release\Roller Coaster.vcxprojResolveAssemblyReference.cache
C:\Users\Oscar\Desktop\P3\02RollerCoaster_Water\Roller Coaster\Obj\Release\Roller Coaster.write.1.tlog
C:\Users\Oscar\Desktop\P3\02RollerCoaster_Water\Roller Coaster\Obj\Release\RollerCoaster.obj
C:\USERS\OSCAR\DESKTOP\P3\02ROLLERCOASTER_WATER\ROLLER COASTER\OBJ\RELEASE\TRACK.OBJ
C:\Users\Oscar\Desktop\P3\02RollerCoaster_Water\Roller Coaster\Obj\Release\WaterMesh.obj
C:\USERS\WILLIAMSI\DESKTOP\02ROLLERCOASTERWASSER\ROLLER COASTER\GENERATEDFILES\QRC_APPMAIN.CPP
C:\USERS\WILLIAMSI\DESKTOP\02ROLLERCOASTERWASSER\ROLLER COASTER\GENERATEDFILES\RELEASE\MOC_APPMAIN.CPP
C:\USERS\WILLIAMSI\DESKTOP\02ROLLERCOASTERWASSER\ROLLER COASTER\GENERATEDFILES\RELEASE\MOC_OGRERENDERTHREAD.CPP
C:\USERS\WILLIAMSI\DESKTOP\02ROLLERCOASTERWASSER\ROLLER COASTER\GENERATEDFILES\RELEASE\MOC_OGREWIDGET.CPP
C:\USERS\WILLIAMSI\DESKTOP\02ROLLERCOASTERWASSER\ROLLER COASTER\GENERATEDFILES\UI_APPMAIN.H
C:\USERS\WILLIAMSI\DESKTOP\02ROLLERCOASTERWASSER\ROLLER COASTER\OBJ\RELEASE\APPMAIN.OBJ
C:\USERS\WILLIAMSI\DESKTOP\02ROLLERCOASTERWASSER\ROLLER COASTER\OBJ\RELEASE\CONTROLPOINT.OBJ
C:\USERS\WILLIAMSI\DESKTOP\02ROLLERCOASTERWASSER\ROLLER COASTER\OBJ\RELEASE\MAIN.OBJ
C:\USERS\WILLIAMSI\DESKTOP\02ROLLERCOASTERWASSER\ROLLER COASTER\OBJ\RELEASE\MOC_APPMAIN.OBJ
C:\USERS\WILLIAMSI\DESKTOP\02ROLLERCOASTERWASSER\ROLLER COASTER\OBJ\RELEASE\MOC_OGRERENDERTHREAD.OBJ
C:\USERS\WILLIAMSI\DESKTOP\02ROLLERCOASTERWASSER\ROLLER COASTER\OBJ\RELEASE\MOC_OGREWIDGET.OBJ
C:\USERS\WILLIAMSI\DESKTOP\02ROLLERCOASTERWASSER\ROLLER COASTER\OBJ\RELEASE\OBJECTCONTROL.OBJ
C:\USERS\WILLIAMSI\DESKTOP\02ROLLERCOASTERWASSER\ROLLER COASTER\OBJ\RELEASE\OGRERENDERTHREAD.OBJ
C:\USERS\WILLIAMSI\DESKTOP\02ROLLERCOASTERWASSER\ROLLER COASTER\OBJ\RELEASE\OGREWIDGET.OBJ
C:\USERS\WILLIAMSI\DESKTOP\02ROLLERCOASTERWASSER\ROLLER COASTER\OBJ\RELEASE\QRC_APPMAIN.OBJ
C:\USERS\WILLIAMSI\DESKTOP\02ROLLERCOASTERWASSER\ROLLER COASTER\OBJ\RELEASE\ROLLER COASTER.EXE.INTERMEDIATE.MANIFEST
C:\USERS\WILLIAMSI\DESKTOP\02ROLLERCOASTERWASSER\ROLLER COASTER\OBJ\RELEASE\ROLLERCOASTER.OBJ
C:\USERS\WILLIAMSI\DESKTOP\02ROLLERCOASTERWASSER\ROLLER COASTER\OBJ\RELEASE\TRACK.OBJ
C:\USERS\WILLIAMSI\DESKTOP\02ROLLERCOASTERWASSER\ROLLER COASTER\OBJ\RELEASE\WATERMESH.OBJ
C:\USERS\WILLIAMSI\DESKTOP\02ROLLERCOASTERWASSER\WIN32\RELEASE\ROLLER COASTER.EXE
C:\USERS\WILLIAMSI\DESKTOP\P1_M10315023_郤威麟_M10015022_翁世璋\02ROLLER COASTER - 複製\ROLLER COASTER\GENERATEDFILES\QRC_APPMAIN.CPP
C:\USERS\WILLIAMSI\DESKTOP\P1_M10315023_郤威麟_M10015022_翁世璋\02ROLLER COASTER - 複製\ROLLER COASTER\GENERATEDFILES\RELEASE\MOC_APPMAIN.CPP
C:\USERS\WILLIAMSI\DESKTOP\P1_M10315023_郤威麟_M10015022_翁世璋\02ROLLER COASTER - 複製\ROLLER COASTER\GENERATEDFILES\RELEASE\MOC_OGRERENDERTHREAD.CPP
C:\USERS\WILLIAMSI\DESKTOP\P1_M10315023_郤威麟_M10015022_翁世璋\02ROLLER COASTER - 複製\ROLLER COASTER\GENERATEDFILES\RELEASE\MOC_OGREWIDGET.CPP
C:\USERS\WILLIAMSI\DESKTOP\P1_M10315023_郤威麟_M10015022_翁世璋\02ROLLER COASTER - 複製\ROLLER COASTER\GENERATEDFILES\UI_APPMAIN.H
C:\USERS\WILLIAMSI\DESKTOP\P1_M10315023_郤威麟_M10015022_翁世璋\02ROLLER COASTER - 複製\ROLLER COASTER\OBJ\RELEASE\APPMAIN.OBJ
C:\USERS\WILLIAMSI\DESKTOP\P1_M10315023_郤威麟_M10015022_翁世璋\02ROLLER COASTER - 複製\ROLLER COASTER\OBJ\RELEASE\CONTROLPOINT.OBJ
C:\USERS\WILLIAMSI\DESKTOP\P1_M10315023_郤威麟_M10015022_翁世璋\02ROLLER COASTER - 複製\ROLLER COASTER\OBJ\RELEASE\MAIN.OBJ
C:\USERS\WILLIAMSI\DESKTOP\P1_M10315023_郤威麟_M10015022_翁世璋\02ROLLER COASTER - 複製\ROLLER COASTER\OBJ\RELEASE\MOC_APPMAIN.OBJ
C:\USERS\WILLIAMSI\DESKTOP\P1_M10315023_郤威麟_M10015022_翁世璋\02ROLLER COASTER - 複製\ROLLER COASTER\OBJ\RELEASE\MOC_OGRERENDERTHREAD.OBJ
C:\USERS\WILLIAMSI\DESKTOP\P1_M10315023_郤威麟_M10015022_翁世璋\02ROLLER COASTER - 複製\ROLLER COASTER\OBJ\RELEASE\MOC_OGREWIDGET.OBJ
C:\USERS\WILLIAMSI\DESKTOP\P1_M10315023_郤威麟_M10015022_翁世璋\02ROLLER COASTER - 複製\ROLLER COASTER\OBJ\RELEASE\OBJECTCONTROL.OBJ
C:\USERS\WILLIAMSI\DESKTOP\P1_M10315023_郤威麟_M10015022_翁世璋\02ROLLER COASTER - 複製\ROLLER COASTER\OBJ\RELEASE\OGRERENDERTHREAD.OBJ
C:\USERS\WILLIAMSI\DESKTOP\P1_M10315023_郤威麟_M10015022_翁世璋\02ROLLER COASTER - 複製\ROLLER COASTER\OBJ\RELEASE\OGREWIDGET.OBJ
C:\USERS\WILLIAMSI\DESKTOP\P1_M10315023_郤威麟_M10015022_翁世璋\02ROLLER COASTER - 複製\ROLLER COASTER\OBJ\RELEASE\QRC_APPMAIN.OBJ
C:\USERS\WILLIAMSI\DESKTOP\P1_M10315023_郤威麟_M10015022_翁世璋\02ROLLER COASTER - 複製\ROLLER COASTER\OBJ\RELEASE\ROLLER COASTER.EXE.INTERMEDIATE.MANIFEST
C:\USERS\WILLIAMSI\DESKTOP\P1_M10315023_郤威麟_M10015022_翁世璋\02ROLLER COASTER - 複製\ROLLER COASTER\OBJ\RELEASE\ROLLERCOASTER.OBJ
C:\USERS\WILLIAMSI\DESKTOP\P1_M10315023_郤威麟_M10015022_翁世璋\02ROLLER COASTER - 複製\ROLLER COASTER\OBJ\RELEASE\TRACK.OBJ
C:\USERS\WILLIAMSI\DESKTOP\P1_M10315023_郤威麟_M10015022_翁世璋\02ROLLER COASTER - 複製\ROLLER COASTER\OBJ\RELEASE\WATERMESH.OBJ
C:\USERS\WILLIAMSI\DESKTOP\P1_M10315023_郤威麟_M10015022_翁世璋\02ROLLER COASTER - 複製\WIN32\RELEASE\ROLLER COASTER.EXE
C:\USERS\WILLIAMSI\DESKTOP\ROLLER COASTER\ROLLER COASTER\GENERATEDFILES\QRC_APPMAIN.CPP
C:\USERS\WILLIAMSI\DESKTOP\ROLLER COASTER\ROLLER COASTER\GENERATEDFILES\RELEASE\MOC_APPMAIN.CPP
C:\USERS\WILLIAMSI\DESKTOP\ROLLER COASTER\ROLLER COASTER\GENERATEDFILES\RELEASE\MOC_OGRERENDERTHREAD.CPP
C:\USERS\WILLIAMSI\DESKTOP\ROLLER COASTER\ROLLER COASTER\GENERATEDFILES\RELEASE\MOC_OGREWIDGET.CPP
C:\USERS\WILLIAMSI\DESKTOP\ROLLER COASTER\ROLLER COASTER\GENERATEDFILES\UI_APPMAIN.H
C:\USERS\WILLIAMSI\DESKTOP\ROLLER COASTER\ROLLER COASTER\OBJ\RELEASE\APPMAIN.OBJ
C:\USERS\WILLIAMSI\DESKTOP\ROLLER COASTER\ROLLER COASTER\OBJ\RELEASE\CONTROLPOINT.OBJ
C:\USERS\WILLIAMSI\DESKTOP\ROLLER COASTER\ROLLER COASTER\OBJ\RELEASE\MAIN.OBJ
C:\USERS\WILLIAMSI\DESKTOP\ROLLER COASTER\ROLLER COASTER\OBJ\RELEASE\MOC_APPMAIN.OBJ
C:\USERS\WILLIAMSI\DESKTOP\ROLLER COASTER\ROLLER COASTER\OBJ\RELEASE\MOC_OGRERENDERTHREAD.OBJ
C:\USERS\WILLIAMSI\DESKTOP\ROLLER COASTER\ROLLER COASTER\OBJ\RELEASE\MOC_OGREWIDGET.OBJ
C:\USERS\WILLIAMSI\DESKTOP\ROLLER COASTER\ROLLER COASTER\OBJ\RELEASE\OBJECTCONTROL.OBJ
C:\USERS\WILLIAMSI\DESKTOP\ROLLER COASTER\ROLLER COASTER\OBJ\RELEASE\OGRERENDERTHREAD.OBJ
C:\USERS\WILLIAMSI\DESKTOP\ROLLER COASTER\ROLLER COASTER\OBJ\RELEASE\OGREWIDGET.OBJ
C:\USERS\WILLIAMSI\DESKTOP\ROLLER COASTER\ROLLER COASTER\OBJ\RELEASE\QRC_APPMAIN.OBJ
C:\USERS\WILLIAMSI\DESKTOP\ROLLER COASTER\ROLLER COASTER\OBJ\RELEASE\ROLLER COASTER.EXE.INTERMEDIATE.MANIFEST
C:\USERS\WILLIAMSI\DESKTOP\ROLLER COASTER\ROLLER COASTER\OBJ\RELEASE\ROLLERCOASTER.OBJ
C:\USERS\WILLIAMSI\DESKTOP\ROLLER COASTER\ROLLER COASTER\OBJ\RELEASE\TRACK.OBJ
C:\USERS\WILLIAMSI\DESKTOP\ROLLER COASTER\WIN32\RELEASE\ROLLER COASTER.EXE
