c:\users\tom\desktop\graphics\rollercoaster\roller coaster\x64\debug\vc140.pdb
c:\users\tom\desktop\graphics\rollercoaster\roller coaster\x64\debug\pnt3f.obj
c:\users\tom\desktop\graphics\rollercoaster\roller coaster\x64\debug\track.obj
c:\users\tom\desktop\graphics\rollercoaster\roller coaster\x64\debug\vector.obj
c:\users\tom\desktop\graphics\rollercoaster\roller coaster\x64\debug\cbmploader.obj
c:\users\tom\desktop\graphics\rollercoaster\roller coaster\x64\debug\3dsloader.obj
c:\users\tom\desktop\graphics\rollercoaster\roller coaster\x64\debug\model.obj
c:\users\tom\desktop\graphics\rollercoaster\roller coaster\x64\debug\arcballcam.obj
c:\users\tom\desktop\graphics\rollercoaster\roller coaster\x64\debug\3dutils.obj
c:\users\tom\desktop\graphics\rollercoaster\roller coaster\x64\debug\main.obj
c:\users\tom\desktop\graphics\rollercoaster\roller coaster\x64\debug\controlpoint.obj
c:\users\tom\desktop\graphics\rollercoaster\roller coaster\x64\debug\appmain.obj
c:\users\tom\desktop\graphics\rollercoaster\roller coaster\x64\debug\moc_trainview.obj
c:\users\tom\desktop\graphics\rollercoaster\roller coaster\x64\debug\moc_appmain.obj
c:\users\tom\desktop\graphics\rollercoaster\roller coaster\x64\debug\trainview.obj
c:\users\tom\desktop\graphics\rollercoaster\roller coaster\x64\debug\qrc_appmain.obj
c:\users\tom\desktop\graphics\rollercoaster\roller coaster\generatedfiles\qrc_appmain.cpp
c:\users\tom\desktop\graphics\rollercoaster\roller coaster\generatedfiles\debug\moc_trainview.cpp
c:\users\tom\desktop\graphics\rollercoaster\roller coaster\generatedfiles\ui_appmain.h
c:\users\tom\desktop\graphics\rollercoaster\roller coaster\generatedfiles\debug\moc_appmain.cpp
c:\users\tom\desktop\graphics\rollercoaster\x64\debug\roller coaster.pdb
c:\users\tom\desktop\graphics\rollercoaster\roller coaster\x64\debug\roller coaster.tlog\cl.command.1.tlog
c:\users\tom\desktop\graphics\rollercoaster\roller coaster\x64\debug\roller coaster.tlog\cl.read.1.tlog
c:\users\tom\desktop\graphics\rollercoaster\roller coaster\x64\debug\roller coaster.tlog\cl.write.1.tlog
c:\users\tom\desktop\graphics\rollercoaster\roller coaster\x64\debug\roller coaster.tlog\custombuild.command.1.tlog
c:\users\tom\desktop\graphics\rollercoaster\roller coaster\x64\debug\roller coaster.tlog\custombuild.read.1.tlog
c:\users\tom\desktop\graphics\rollercoaster\roller coaster\x64\debug\roller coaster.tlog\custombuild.write.1.tlog
c:\users\tom\desktop\graphics\rollercoaster\roller coaster\x64\debug\roller coaster.tlog\link-cvtres.read.1.tlog
c:\users\tom\desktop\graphics\rollercoaster\roller coaster\x64\debug\roller coaster.tlog\link-cvtres.write.1.tlog
c:\users\tom\desktop\graphics\rollercoaster\roller coaster\x64\debug\roller coaster.tlog\link-rc.read.1.tlog
c:\users\tom\desktop\graphics\rollercoaster\roller coaster\x64\debug\roller coaster.tlog\link-rc.write.1.tlog
c:\users\tom\desktop\graphics\rollercoaster\roller coaster\x64\debug\roller coaster.tlog\link.4656-cvtres.read.1.tlog
c:\users\tom\desktop\graphics\rollercoaster\roller coaster\x64\debug\roller coaster.tlog\link.4656-cvtres.write.1.tlog
c:\users\tom\desktop\graphics\rollercoaster\roller coaster\x64\debug\roller coaster.tlog\link.4656-rc.read.1.tlog
c:\users\tom\desktop\graphics\rollercoaster\roller coaster\x64\debug\roller coaster.tlog\link.4656-rc.write.1.tlog
c:\users\tom\desktop\graphics\rollercoaster\roller coaster\x64\debug\roller coaster.tlog\link.4656.read.1.tlog
c:\users\tom\desktop\graphics\rollercoaster\roller coaster\x64\debug\roller coaster.tlog\link.4656.write.1.tlog
c:\users\tom\desktop\graphics\rollercoaster\roller coaster\x64\debug\roller coaster.tlog\link.command.1.tlog
c:\users\tom\desktop\graphics\rollercoaster\roller coaster\x64\debug\roller coaster.tlog\link.read.1.tlog
c:\users\tom\desktop\graphics\rollercoaster\roller coaster\x64\debug\roller coaster.tlog\link.write.1.tlog
