c:\users\oscar\desktop\p3\02rollercoaster_water\roller coaster\obj\debug\pnt3f.obj
c:\users\oscar\desktop\p3\02rollercoaster_water\roller coaster\obj\debug\3dutils.obj
c:\users\oscar\desktop\p3\02rollercoaster_water\roller coaster\obj\debug\track.obj
c:\users\oscar\desktop\p3\02rollercoaster_water\roller coaster\obj\debug\controlpoint.obj
c:\users\oscar\desktop\p3\02rollercoaster_water\roller coaster\obj\debug\main.obj
c:\users\oscar\desktop\p3\02rollercoaster_water\roller coaster\obj\debug\appmain.obj
c:\users\oscar\desktop\p3\02rollercoaster_water\roller coaster\obj\debug\moc_nehewidget.obj
c:\users\oscar\desktop\p3\02rollercoaster_water\roller coaster\obj\debug\moc_appmain.obj
c:\users\oscar\desktop\p3\02rollercoaster_water\roller coaster\obj\debug\qrc_appmain.obj
c:\users\oscar\desktop\p3\02rollercoaster_water\roller coaster\obj\debug\vc100.pdb
c:\users\oscar\desktop\p3\02rollercoaster_water\roller coaster\obj\debug\arcballcam.obj
c:\users\oscar\desktop\p3\02rollercoaster_water\roller coaster\obj\debug\trainview.obj
c:\users\oscar\desktop\p3\02rollercoaster_water\roller coaster\obj\debug\moc_trainview.obj
c:\users\oscar\desktop\p3\02rollercoaster_water\roller coaster\generatedfiles\debug\moc_nehewidget.cpp
c:\users\oscar\desktop\p3\02rollercoaster_water\roller coaster\generatedfiles\qrc_appmain.cpp
c:\users\oscar\desktop\p3\02rollercoaster_water\roller coaster\generatedfiles\debug\moc_trainview.cpp
c:\users\oscar\desktop\p3\02rollercoaster_water\roller coaster\generatedfiles\ui_appmain.h
c:\users\oscar\desktop\p3\02rollercoaster_water\roller coaster\generatedfiles\debug\moc_appmain.cpp
c:\users\oscar\desktop\p3\02rollercoaster_water\win32\debug\roller coaster.ilk
c:\users\oscar\desktop\p3\02rollercoaster_water\win32\debug\roller coaster.exe
c:\users\oscar\desktop\p3\02rollercoaster_water\roller coaster\obj\debug\roller coaster.exe.intermediate.manifest
c:\users\oscar\desktop\p3\02rollercoaster_water\win32\debug\roller coaster.pdb
c:\users\tom\desktop\graphics\rollercoaster\roller coaster\obj\debug\roller coaster.vcxprojresolveassemblyreference.cache
c:\users\tom\desktop\graphics\rollercoaster\roller coaster\obj\debug\3dutils.obj
c:\users\tom\desktop\graphics\rollercoaster\roller coaster\obj\debug\appmain.obj
c:\users\tom\desktop\graphics\rollercoaster\roller coaster\obj\debug\arcballcam.obj
c:\users\tom\desktop\graphics\rollercoaster\roller coaster\obj\debug\controlpoint.obj
c:\users\tom\desktop\graphics\rollercoaster\roller coaster\obj\debug\main.obj
c:\users\tom\desktop\graphics\rollercoaster\roller coaster\obj\debug\moc_appmain.obj
c:\users\tom\desktop\graphics\rollercoaster\roller coaster\obj\debug\moc_nehewidget.obj
c:\users\tom\desktop\graphics\rollercoaster\roller coaster\obj\debug\moc_trainview.obj
c:\users\tom\desktop\graphics\rollercoaster\roller coaster\obj\debug\pnt3f.obj
c:\users\tom\desktop\graphics\rollercoaster\roller coaster\obj\debug\qrc_appmain.obj
c:\users\tom\desktop\graphics\rollercoaster\roller coaster\obj\debug\track.obj
c:\users\tom\desktop\graphics\rollercoaster\roller coaster\obj\debug\trainview.obj
c:\users\tom\desktop\graphics\rollercoaster\roller coaster\obj\debug\cl.command.1.tlog
c:\users\tom\desktop\graphics\rollercoaster\roller coaster\obj\debug\cl.read.1.tlog
c:\users\tom\desktop\graphics\rollercoaster\roller coaster\obj\debug\cl.write.1.tlog
c:\users\tom\desktop\graphics\rollercoaster\roller coaster\obj\debug\custombuild.command.1.tlog
c:\users\tom\desktop\graphics\rollercoaster\roller coaster\obj\debug\custombuild.read.1.tlog
c:\users\tom\desktop\graphics\rollercoaster\roller coaster\obj\debug\custombuild.write.1.tlog
c:\users\tom\desktop\graphics\rollercoaster\roller coaster\obj\debug\link.command.1.tlog
c:\users\tom\desktop\graphics\rollercoaster\roller coaster\obj\debug\link.read.1.tlog
c:\users\tom\desktop\graphics\rollercoaster\roller coaster\obj\debug\link.write.1.tlog
c:\users\tom\desktop\graphics\rollercoaster\roller coaster\obj\debug\mt.command.1.tlog
c:\users\tom\desktop\graphics\rollercoaster\roller coaster\obj\debug\mt.read.1.tlog
c:\users\tom\desktop\graphics\rollercoaster\roller coaster\obj\debug\mt.write.1.tlog
c:\users\tom\desktop\graphics\rollercoaster\roller coaster\obj\debug\roller coaster.write.1.tlog
c:\users\tom\desktop\graphics\rollercoaster\roller coaster\obj\debug\roller coaster.exe.intermediate.manifest
c:\users\tom\desktop\graphics\rollercoaster\roller coaster\obj\debug\vc100.pdb
c:\users\tom\desktop\graphics\rollercoaster\win32\debug\roller coaster.pdb
c:\users\tom\desktop\graphics\rollercoaster\win32\debug\roller coaster.exe
c:\users\tom\desktop\graphics\rollercoaster\win32\debug\roller coaster.ilk
